Using pre-set license
Built from '2020.2/staging' branch; Version is '2020.2.6f1 (8a2143876886) revision 9052483'; Using compiler version '192528614'; Build Type 'Release'
OS: 'Windows 10 Pro; OS build 19041.1165; Version 2004; 64bit' Language: 'ru' Physical Memory: 4060 MB
BatchMode: 1, IsHumanControllingUs: 0, StartBugReporterOnCrash: 0, Is64bit: 1, IsPro: 0

 COMMAND LINE ARGUMENTS:
E:\Unity Editors\2020.2.6f1\Editor\Unity.exe
-adb2
-batchMode
-noUpm
-name
AssetImportWorker11
-projectPath
E:/hobbies/Practice/Unity games/UIA 3 Person
-logFile
Logs/AssetImportWorker11.log
-srvPort
51274
Successfully changed project path to: E:/hobbies/Practice/Unity games/UIA 3 Person
E:/hobbies/Practice/Unity games/UIA 3 Person
Using Asset Import Pipeline V2.
Refreshing native plugins compatible for Editor in 186.49 ms, found 0 plugins.
Preloading 0 native plugins for Editor in 0.00 ms.
Initialize engine version: 2020.2.6f1 (8a2143876886)
[Subsystems] Discovering subsystems at path E:/Unity Editors/2020.2.6f1/Editor/Data/Resources/UnitySubsystems
[Subsystems] Discovering subsystems at path E:/hobbies/Practice/Unity games/UIA 3 Person/Assets
GfxDevice: creating device client; threaded=0
Direct3D:
    Version:  Direct3D 11.0 [level 10.1]
    Renderer: ATI Mobility Radeon HD 4650 (ID=0x9480)
    Vendor:   
    VRAM:     1017 MB
    Driver:   8.970.100.9001
Initialize mono
Mono path[0] = 'E:/Unity Editors/2020.2.6f1/Editor/Data/Managed'
Mono path[1] = 'E:/Unity Editors/2020.2.6f1/Editor/Data/MonoBleedingEdge/lib/mono/unityjit'
Mono config path = 'E:/Unity Editors/2020.2.6f1/Editor/Data/MonoBleedingEdge/etc'
Using monoOptions --debugger-agent=transport=dt_socket,embedding=1,server=y,suspend=n,address=127.0.0.1:56828
Begin MonoManager ReloadAssembly
Registering precompiled unity dll's ...
Register platform support module: E:/Unity Editors/2020.2.6f1/Editor/Data/PlaybackEngines/WindowsStandaloneSupport/UnityEditor.WindowsStandalone.Extensions.dll
Registered in 0.049462 seconds.
Native extension for WindowsStandalone target not found
Refreshing native plugins compatible for Editor in 79.34 ms, found 0 plugins.
Preloading 0 native plugins for Editor in 0.01 ms.
Invoked RoslynAnalysisRunner static constructor.
RoslynAnalysisRunner will not be running.
RoslynAnalysisRunner has terminated.
Mono: successfully reloaded assembly
- Completed reload, in 23.699 seconds
Platform modules already initialized, skipping
Registering precompiled user dll's ...
Registered in 0.038688 seconds.
