Using pre-set license
Built from '2020.2/staging' branch; Version is '2020.2.6f1 (8a2143876886) revision 9052483'; Using compiler version '192528614'; Build Type 'Release'
OS: 'Windows 10 Pro; OS build 19041.1165; Version 2004; 64bit' Language: 'ru' Physical Memory: 4060 MB
BatchMode: 1, IsHumanControllingUs: 0, StartBugReporterOnCrash: 0, Is64bit: 1, IsPro: 0

 COMMAND LINE ARGUMENTS:
E:\Unity Editors\2020.2.6f1\Editor\Unity.exe
-adb2
-batchMode
-noUpm
-name
AssetImportWorker12
-projectPath
E:/hobbies/Practice/Unity games/UIA 3 Person
-logFile
Logs/AssetImportWorker12.log
-srvPort
51274
Successfully changed project path to: E:/hobbies/Practice/Unity games/UIA 3 Person
E:/hobbies/Practice/Unity games/UIA 3 Person
Using Asset Import Pipeline V2.
Refreshing native plugins compatible for Editor in 87.89 ms, found 0 plugins.
Preloading 0 native plugins for Editor in 0.00 ms.
Initialize engine version: 2020.2.6f1 (8a2143876886)
[Subsystems] Discovering subsystems at path E:/Unity Editors/2020.2.6f1/Editor/Data/Resources/UnitySubsystems
[Subsystems] Discovering subsystems at path E:/hobbies/Practice/Unity games/UIA 3 Person/Assets
GfxDevice: creating device client; threaded=0
Direct3D:
    Version:  Direct3D 11.0 [level 10.1]
    Renderer: ATI Mobility Radeon HD 4650 (ID=0x9480)
    Vendor:   
    VRAM:     1017 MB
    Driver:   8.970.100.9001
Initialize mono
Mono path[0] = 'E:/Unity Editors/2020.2.6f1/Editor/Data/Managed'
Mono path[1] = 'E:/Unity Editors/2020.2.6f1/Editor/Data/MonoBleedingEdge/lib/mono/unityjit'
Mono config path = 'E:/Unity Editors/2020.2.6f1/Editor/Data/MonoBleedingEdge/etc'
Using monoOptions --debugger-agent=transport=dt_socket,embedding=1,server=y,suspend=n,address=127.0.0.1:56184
Begin MonoManager ReloadAssembly
Registering precompiled unity dll's ...
Register platform support module: E:/Unity Editors/2020.2.6f1/Editor/Data/PlaybackEngines/WindowsStandaloneSupport/UnityEditor.WindowsStandalone.Extensions.dll
Registered in 0.003319 seconds.
Native extension for WindowsStandalone target not found
Refreshing native plugins compatible for Editor in 73.19 ms, found 0 plugins.
Preloading 0 native plugins for Editor in 0.00 ms.
Invoked RoslynAnalysisRunner static constructor.
RoslynAnalysisRunner will not be running.
RoslynAnalysisRunner has terminated.
Mono: successfully reloaded assembly
- Completed reload, in  5.470 seconds
Platform modules already initialized, skipping
Registering precompiled user dll's ...
Registered in 0.002376 seconds.
Begin MonoManager ReloadAssembly
Native extension for WindowsStandalone target not found
Refreshing native plugins compatible for Editor in 0.86 ms, found 0 plugins.
Preloading 0 native plugins for Editor in 0.00 ms.
Invoked RoslynAnalysisRunner static constructor.
RoslynAnalysisRunner will not be running.
RoslynAnalysisRunner has terminated.
Mono: successfully reloaded assembly
- Completed reload, in  4.006 seconds
Platform modules already initialized, skipping
========================================================================
Worker process is ready to serve import requests
Launched and connected shader compiler UnityShaderCompiler.exe after 0.43 seconds
Refreshing native plugins compatible for Editor in 0.49 ms, found 0 plugins.
Preloading 0 native plugins for Editor in 0.00 ms.
Unloading 1105 Unused Serialized files (Serialized files now loaded: 0)
System memory in use before: 57.1 MB.
System memory in use after: 57.2 MB.

Unloading 10 unused Assets to reduce memory usage. Loaded Objects now: 1547.
Total: 74.393000 ms (FindLiveObjects: 0.386800 ms CreateObjectMapping: 0.131600 ms MarkObjects: 72.463400 ms  DeleteObjects: 1.400500 ms)

========================================================================
Received Import Request.
  path: Assets/Scripts/RelativeMovement.cs
  artifactKey: Guid(ea09aebbe2857344c8e91e3b7c5426ef) Importer(815301076,1909f56bfc062723c751e8b465ee728b)
Start importing Assets/Scripts/RelativeMovement.cs using Guid(ea09aebbe2857344c8e91e3b7c5426ef) Importer(815301076,1909f56bfc062723c751e8b465ee728b)  -> (artifact id: '00b55c19a20cc710e099d30a809b2878') in 4.086009 seconds
  Import took 4.180312 seconds .

========================================================================
Received Import Request.
  Time since last request: 999.505262 seconds.
  path: Assets/Scripts/RelativeMovement.cs
  artifactKey: Guid(ea09aebbe2857344c8e91e3b7c5426ef) Importer(815301076,1909f56bfc062723c751e8b465ee728b)
Start importing Assets/Scripts/RelativeMovement.cs using Guid(ea09aebbe2857344c8e91e3b7c5426ef) Importer(815301076,1909f56bfc062723c751e8b465ee728b)  -> (artifact id: 'aeb831e2c738fd6b309ca82030ed68d8') in 0.041653 seconds
  Import took 0.081406 seconds .

========================================================================
Received Import Request.
  Time since last request: 0.097850 seconds.
  path: Assets/Scripts/RelativeMovement.cs
  artifactKey: Guid(ea09aebbe2857344c8e91e3b7c5426ef) Importer(815301076,1909f56bfc062723c751e8b465ee728b)
Start importing Assets/Scripts/RelativeMovement.cs using Guid(ea09aebbe2857344c8e91e3b7c5426ef) Importer(815301076,1909f56bfc062723c751e8b465ee728b)  -> (artifact id: 'aeb831e2c738fd6b309ca82030ed68d8') in 0.195322 seconds
  Import took 0.242231 seconds .

========================================================================
Received Prepare
Registering precompiled user dll's ...
Registered in 0.001569 seconds.
Begin MonoManager ReloadAssembly
Native extension for WindowsStandalone target not found
Refreshing native plugins compatible for Editor in 0.47 ms, found 0 plugins.
Preloading 0 native plugins for Editor in 0.00 ms.
Invoked RoslynAnalysisRunner static constructor.
RoslynAnalysisRunner will not be running.
RoslynAnalysisRunner has terminated.
Mono: successfully reloaded assembly
- Completed reload, in  3.216 seconds
Platform modules already initialized, skipping
Refreshing native plugins compatible for Editor in 0.65 ms, found 0 plugins.
Preloading 0 native plugins for Editor in 0.00 ms.
Unloading 1100 Unused Serialized files (Serialized files now loaded: 0)
System memory in use before: 57.1 MB.
System memory in use after: 57.2 MB.

Unloading 5 unused Assets to reduce memory usage. Loaded Objects now: 1549.
Total: 4.727400 ms (FindLiveObjects: 0.380000 ms CreateObjectMapping: 0.111800 ms MarkObjects: 4.039500 ms  DeleteObjects: 0.185700 ms)

========================================================================
Received Prepare
Registering precompiled user dll's ...
Registered in 0.001463 seconds.
Begin MonoManager ReloadAssembly
Native extension for WindowsStandalone target not found
Refreshing native plugins compatible for Editor in 0.48 ms, found 0 plugins.
Preloading 0 native plugins for Editor in 0.00 ms.
Invoked RoslynAnalysisRunner static constructor.
RoslynAnalysisRunner will not be running.
RoslynAnalysisRunner has terminated.
Mono: successfully reloaded assembly
- Completed reload, in  3.755 seconds
Platform modules already initialized, skipping
Refreshing native plugins compatible for Editor in 0.78 ms, found 0 plugins.
Preloading 0 native plugins for Editor in 0.00 ms.
Unloading 1100 Unused Serialized files (Serialized files now loaded: 0)
System memory in use before: 57.1 MB.
System memory in use after: 57.2 MB.

Unloading 5 unused Assets to reduce memory usage. Loaded Objects now: 1551.
Total: 4.641700 ms (FindLiveObjects: 0.369200 ms CreateObjectMapping: 0.170200 ms MarkObjects: 3.904100 ms  DeleteObjects: 0.187800 ms)

========================================================================
Received Prepare
Registering precompiled user dll's ...
Registered in 0.002022 seconds.
Begin MonoManager ReloadAssembly
Native extension for WindowsStandalone target not found
Refreshing native plugins compatible for Editor in 0.46 ms, found 0 plugins.
Preloading 0 native plugins for Editor in 0.00 ms.
Invoked RoslynAnalysisRunner static constructor.
RoslynAnalysisRunner will not be running.
RoslynAnalysisRunner has terminated.
Mono: successfully reloaded assembly
- Completed reload, in  3.429 seconds
Platform modules already initialized, skipping
Refreshing native plugins compatible for Editor in 0.63 ms, found 0 plugins.
Preloading 0 native plugins for Editor in 0.00 ms.
Unloading 1100 Unused Serialized files (Serialized files now loaded: 0)
System memory in use before: 57.1 MB.
System memory in use after: 57.2 MB.

Unloading 5 unused Assets to reduce memory usage. Loaded Objects now: 1553.
Total: 5.275600 ms (FindLiveObjects: 0.422000 ms CreateObjectMapping: 0.119300 ms MarkObjects: 4.571800 ms  DeleteObjects: 0.152900 ms)

========================================================================
Received Prepare
Registering precompiled user dll's ...
Registered in 0.003165 seconds.
Begin MonoManager ReloadAssembly
Native extension for WindowsStandalone target not found
Refreshing native plugins compatible for Editor in 0.50 ms, found 0 plugins.
Preloading 0 native plugins for Editor in 0.00 ms.
Invoked RoslynAnalysisRunner static constructor.
RoslynAnalysisRunner will not be running.
RoslynAnalysisRunner has terminated.
Mono: successfully reloaded assembly
- Completed reload, in  4.135 seconds
Platform modules already initialized, skipping
Refreshing native plugins compatible for Editor in 0.57 ms, found 0 plugins.
Preloading 0 native plugins for Editor in 0.00 ms.
Unloading 1100 Unused Serialized files (Serialized files now loaded: 0)
System memory in use before: 57.1 MB.
System memory in use after: 57.2 MB.

Unloading 5 unused Assets to reduce memory usage. Loaded Objects now: 1555.
Total: 27.175800 ms (FindLiveObjects: 0.378800 ms CreateObjectMapping: 0.106300 ms MarkObjects: 26.446500 ms  DeleteObjects: 0.233700 ms)

========================================================================
Received Prepare
Registering precompiled user dll's ...
Registered in 0.001679 seconds.
Begin MonoManager ReloadAssembly
Native extension for WindowsStandalone target not found
Refreshing native plugins compatible for Editor in 0.84 ms, found 0 plugins.
Preloading 0 native plugins for Editor in 0.00 ms.
Invoked RoslynAnalysisRunner static constructor.
RoslynAnalysisRunner will not be running.
RoslynAnalysisRunner has terminated.
Mono: successfully reloaded assembly
- Completed reload, in  3.007 seconds
Platform modules already initialized, skipping
Refreshing native plugins compatible for Editor in 0.66 ms, found 0 plugins.
Preloading 0 native plugins for Editor in 0.00 ms.
Unloading 1100 Unused Serialized files (Serialized files now loaded: 0)
System memory in use before: 57.1 MB.
System memory in use after: 57.2 MB.

Unloading 5 unused Assets to reduce memory usage. Loaded Objects now: 1557.
Total: 6.610800 ms (FindLiveObjects: 0.373300 ms CreateObjectMapping: 0.095400 ms MarkObjects: 5.956300 ms  DeleteObjects: 0.175100 ms)

========================================================================
Received Prepare
Registering precompiled user dll's ...
Registered in 0.004661 seconds.
Begin MonoManager ReloadAssembly
Native extension for WindowsStandalone target not found
Refreshing native plugins compatible for Editor in 0.60 ms, found 0 plugins.
Preloading 0 native plugins for Editor in 0.00 ms.
Invoked RoslynAnalysisRunner static constructor.
RoslynAnalysisRunner will not be running.
RoslynAnalysisRunner has terminated.
Mono: successfully reloaded assembly
- Completed reload, in  5.475 seconds
Platform modules already initialized, skipping
Refreshing native plugins compatible for Editor in 0.54 ms, found 0 plugins.
Preloading 0 native plugins for Editor in 0.00 ms.
Unloading 1100 Unused Serialized files (Serialized files now loaded: 0)
System memory in use before: 57.2 MB.
System memory in use after: 57.2 MB.

Unloading 5 unused Assets to reduce memory usage. Loaded Objects now: 1559.
Total: 127.050100 ms (FindLiveObjects: 1.390100 ms CreateObjectMapping: 0.144400 ms MarkObjects: 124.009300 ms  DeleteObjects: 1.490300 ms)

========================================================================
Received Prepare
Registering precompiled user dll's ...
Registered in 0.001454 seconds.
Begin MonoManager ReloadAssembly
Native extension for WindowsStandalone target not found
Refreshing native plugins compatible for Editor in 0.51 ms, found 0 plugins.
Preloading 0 native plugins for Editor in 0.00 ms.
Invoked RoslynAnalysisRunner static constructor.
RoslynAnalysisRunner will not be running.
RoslynAnalysisRunner has terminated.
Mono: successfully reloaded assembly
- Completed reload, in  3.887 seconds
Platform modules already initialized, skipping
Refreshing native plugins compatible for Editor in 0.54 ms, found 0 plugins.
Preloading 0 native plugins for Editor in 0.00 ms.
Unloading 1100 Unused Serialized files (Serialized files now loaded: 0)
System memory in use before: 57.2 MB.
System memory in use after: 57.2 MB.

Unloading 5 unused Assets to reduce memory usage. Loaded Objects now: 1561.
Total: 7.108100 ms (FindLiveObjects: 0.417100 ms CreateObjectMapping: 0.107200 ms MarkObjects: 6.426400 ms  DeleteObjects: 0.147200 ms)

========================================================================
Received Prepare
Registering precompiled user dll's ...
Registered in 0.038650 seconds.
Begin MonoManager ReloadAssembly
Native extension for WindowsStandalone target not found
Refreshing native plugins compatible for Editor in 0.49 ms, found 0 plugins.
Preloading 0 native plugins for Editor in 0.00 ms.
Invoked RoslynAnalysisRunner static constructor.
RoslynAnalysisRunner will not be running.
RoslynAnalysisRunner has terminated.
Mono: successfully reloaded assembly
- Completed reload, in  3.058 seconds
Platform modules already initialized, skipping
Refreshing native plugins compatible for Editor in 0.64 ms, found 0 plugins.
Preloading 0 native plugins for Editor in 0.00 ms.
Unloading 1100 Unused Serialized files (Serialized files now loaded: 0)
System memory in use before: 57.2 MB.
System memory in use after: 57.2 MB.

Unloading 5 unused Assets to reduce memory usage. Loaded Objects now: 1563.
Total: 5.133500 ms (FindLiveObjects: 0.911700 ms CreateObjectMapping: 0.096200 ms MarkObjects: 3.940200 ms  DeleteObjects: 0.176900 ms)

========================================================================
Received Prepare
Registering precompiled user dll's ...
Registered in 0.001639 seconds.
Begin MonoManager ReloadAssembly
Native extension for WindowsStandalone target not found
Refreshing native plugins compatible for Editor in 2.32 ms, found 0 plugins.
Preloading 0 native plugins for Editor in 0.00 ms.
Invoked RoslynAnalysisRunner static constructor.
RoslynAnalysisRunner will not be running.
RoslynAnalysisRunner has terminated.
Mono: successfully reloaded assembly
- Completed reload, in  4.802 seconds
Platform modules already initialized, skipping
Refreshing native plugins compatible for Editor in 0.70 ms, found 0 plugins.
Preloading 0 native plugins for Editor in 0.00 ms.
Unloading 1100 Unused Serialized files (Serialized files now loaded: 0)
System memory in use before: 57.2 MB.
System memory in use after: 57.2 MB.

Unloading 5 unused Assets to reduce memory usage. Loaded Objects now: 1565.
Total: 41.525800 ms (FindLiveObjects: 1.073100 ms CreateObjectMapping: 0.174300 ms MarkObjects: 7.415400 ms  DeleteObjects: 32.852700 ms)

========================================================================
Received Prepare
Registering precompiled user dll's ...
Registered in 0.425555 seconds.
Begin MonoManager ReloadAssembly
Native extension for WindowsStandalone target not found
Refreshing native plugins compatible for Editor in 0.47 ms, found 0 plugins.
Preloading 0 native plugins for Editor in 0.00 ms.
Invoked RoslynAnalysisRunner static constructor.
RoslynAnalysisRunner will not be running.
RoslynAnalysisRunner has terminated.
Mono: successfully reloaded assembly
- Completed reload, in  4.761 seconds
Platform modules already initialized, skipping
Refreshing native plugins compatible for Editor in 0.50 ms, found 0 plugins.
Preloading 0 native plugins for Editor in 0.00 ms.
Unloading 1100 Unused Serialized files (Serialized files now loaded: 0)
System memory in use before: 57.2 MB.
System memory in use after: 57.2 MB.

Unloading 5 unused Assets to reduce memory usage. Loaded Objects now: 1567.
Total: 4.036300 ms (FindLiveObjects: 0.336100 ms CreateObjectMapping: 0.094000 ms MarkObjects: 3.338800 ms  DeleteObjects: 0.257700 ms)

========================================================================
Received Import Request.
  Time since last request: 26454.591254 seconds.
  path: Assets
  artifactKey: Guid(00000000000000001000000000000000) Importer(815301076,1909f56bfc062723c751e8b465ee728b)
Start importing Assets using Guid(00000000000000001000000000000000) Importer(815301076,1909f56bfc062723c751e8b465ee728b)  -> (artifact id: 'f47cf443bddc682ac2de11ea429897ce') in 0.620542 seconds
  Import took 0.789423 seconds .

========================================================================
Received Import Request.
  Time since last request: 5.563973 seconds.
  path: Assets/Animation
  artifactKey: Guid(2540e816135436e4bbbc93b1bab27b04) Importer(815301076,1909f56bfc062723c751e8b465ee728b)
Start importing Assets/Animation using Guid(2540e816135436e4bbbc93b1bab27b04) Importer(815301076,1909f56bfc062723c751e8b465ee728b)  -> (artifact id: '7f8907d770f15a1212eb4942c1508bea') in 0.026741 seconds
  Import took 0.051495 seconds .

========================================================================
Received Import Request.
  Time since last request: 4.886591 seconds.
  path: Assets/scratch/player.fbx
  artifactKey: Guid(7316c9de8e86efd4f8e54011d70bd364) Importer(815301076,1909f56bfc062723c751e8b465ee728b)
Start importing Assets/scratch/player.fbx using Guid(7316c9de8e86efd4f8e54011d70bd364) Importer(815301076,1909f56bfc062723c751e8b465ee728b)  -> (artifact id: '7501e3b1773a3ba3dea9c23a71a40c90') in 3.524882 seconds
  Import took 3.611136 seconds .

========================================================================
Received Import Request.
  Time since last request: 65.943356 seconds.
  path: Assets/Animation/Player.controller
  artifactKey: Guid(cb1d5fc4e5fad054dbd65375cba489ad) Importer(815301076,1909f56bfc062723c751e8b465ee728b)
Start importing Assets/Animation/Player.controller using Guid(cb1d5fc4e5fad054dbd65375cba489ad) Importer(815301076,1909f56bfc062723c751e8b465ee728b)  -> (artifact id: '451ff1f611b28f8582ed852d3f6c5650') in 0.403865 seconds
  Import took 1.327143 seconds .

========================================================================
Received Import Request.
  Time since last request: 137.128204 seconds.
  path: Assets/scratch/player.fbx
  artifactKey: Guid(7316c9de8e86efd4f8e54011d70bd364) Importer(815301076,1909f56bfc062723c751e8b465ee728b)
Start importing Assets/scratch/player.fbx using Guid(7316c9de8e86efd4f8e54011d70bd364) Importer(815301076,1909f56bfc062723c751e8b465ee728b)  -> (artifact id: '1cf1f13af67e04e8334e19410fe98782') in 0.167589 seconds
  Import took 0.232047 seconds .

========================================================================
Received Import Request.
  Time since last request: 104.064528 seconds.
  path: Assets/scratch/player.fbx
  artifactKey: Guid(7316c9de8e86efd4f8e54011d70bd364) Importer(815301076,1909f56bfc062723c751e8b465ee728b)
Start importing Assets/scratch/player.fbx using Guid(7316c9de8e86efd4f8e54011d70bd364) Importer(815301076,1909f56bfc062723c751e8b465ee728b)  -> (artifact id: '0b804522e7f5d55364492c507164d70b') in 0.121134 seconds
  Import took 0.393818 seconds .

========================================================================
Received Import Request.
  Time since last request: 2086.274889 seconds.
  path: Assets/Animation/player 1.controller
  artifactKey: Guid(907d5c541769b1846b7c0e8c74919e06) Importer(815301076,1909f56bfc062723c751e8b465ee728b)
Start importing Assets/Animation/player 1.controller using Guid(907d5c541769b1846b7c0e8c74919e06) Importer(815301076,1909f56bfc062723c751e8b465ee728b)  -> (artifact id: '4ec953859983825bf6c72571e5023498') in 1.267874 seconds
  Import took 1.682242 seconds .

========================================================================
Received Prepare
Registering precompiled user dll's ...
Registered in 0.024508 seconds.
Begin MonoManager ReloadAssembly
Native extension for WindowsStandalone target not found
Refreshing native plugins compatible for Editor in 0.59 ms, found 0 plugins.
Preloading 0 native plugins for Editor in 0.00 ms.
Invoked RoslynAnalysisRunner static constructor.
RoslynAnalysisRunner will not be running.
RoslynAnalysisRunner has terminated.
Mono: successfully reloaded assembly
- Completed reload, in 15.096 seconds
Platform modules already initialized, skipping
Refreshing native plugins compatible for Editor in 0.51 ms, found 0 plugins.
Preloading 0 native plugins for Editor in 0.00 ms.
Unloading 1100 Unused Serialized files (Serialized files now loaded: 0)
System memory in use before: 60.7 MB.
System memory in use after: 60.8 MB.

Unloading 5 unused Assets to reduce memory usage. Loaded Objects now: 1612.
Total: 241.922300 ms (FindLiveObjects: 91.479000 ms CreateObjectMapping: 0.209900 ms MarkObjects: 148.437400 ms  DeleteObjects: 1.784800 ms)

========================================================================
Received Prepare
Registering precompiled user dll's ...
Registered in 0.001406 seconds.
Begin MonoManager ReloadAssembly
Native extension for WindowsStandalone target not found
Refreshing native plugins compatible for Editor in 0.57 ms, found 0 plugins.
Preloading 0 native plugins for Editor in 0.00 ms.
Invoked RoslynAnalysisRunner static constructor.
RoslynAnalysisRunner will not be running.
RoslynAnalysisRunner has terminated.
Mono: successfully reloaded assembly
- Completed reload, in  5.951 seconds
Platform modules already initialized, skipping
Refreshing native plugins compatible for Editor in 3.59 ms, found 0 plugins.
Preloading 0 native plugins for Editor in 0.00 ms.
Unloading 1100 Unused Serialized files (Serialized files now loaded: 0)
System memory in use before: 60.8 MB.
System memory in use after: 60.8 MB.

Unloading 5 unused Assets to reduce memory usage. Loaded Objects now: 1614.
Total: 64.526400 ms (FindLiveObjects: 1.242400 ms CreateObjectMapping: 0.115400 ms MarkObjects: 62.503800 ms  DeleteObjects: 0.651400 ms)

