Using pre-set license
Built from '2020.2/staging' branch; Version is '2020.2.6f1 (8a2143876886) revision 9052483'; Using compiler version '192528614'; Build Type 'Release'
OS: 'Windows 10 Pro; OS build 19041.1165; Version 2004; 64bit' Language: 'ru' Physical Memory: 4060 MB
BatchMode: 1, IsHumanControllingUs: 0, StartBugReporterOnCrash: 0, Is64bit: 1, IsPro: 0

 COMMAND LINE ARGUMENTS:
E:\Unity Editors\2020.2.6f1\Editor\Unity.exe
-adb2
-batchMode
-noUpm
-name
AssetImportWorker1
-projectPath
E:/hobbies/Practice/Unity games/Unity in Action
-logFile
Logs/AssetImportWorker1.log
-srvPort
59520
Successfully changed project path to: E:/hobbies/Practice/Unity games/Unity in Action
E:/hobbies/Practice/Unity games/Unity in Action
Using Asset Import Pipeline V2.
Refreshing native plugins compatible for Editor in 70.81 ms, found 0 plugins.
Preloading 0 native plugins for Editor in 0.00 ms.
Initialize engine version: 2020.2.6f1 (8a2143876886)
[Subsystems] Discovering subsystems at path E:/Unity Editors/2020.2.6f1/Editor/Data/Resources/UnitySubsystems
[Subsystems] Discovering subsystems at path E:/hobbies/Practice/Unity games/Unity in Action/Assets
GfxDevice: creating device client; threaded=0
Direct3D:
    Version:  Direct3D 11.0 [level 10.1]
    Renderer: ATI Mobility Radeon HD 4650 (ID=0x9480)
    Vendor:   
    VRAM:     1017 MB
    Driver:   8.970.100.9001
Initialize mono
Mono path[0] = 'E:/Unity Editors/2020.2.6f1/Editor/Data/Managed'
Mono path[1] = 'E:/Unity Editors/2020.2.6f1/Editor/Data/MonoBleedingEdge/lib/mono/unityjit'
Mono config path = 'E:/Unity Editors/2020.2.6f1/Editor/Data/MonoBleedingEdge/etc'
Using monoOptions --debugger-agent=transport=dt_socket,embedding=1,server=y,suspend=n,address=127.0.0.1:56064
Begin MonoManager ReloadAssembly
Registering precompiled unity dll's ...
Register platform support module: E:/Unity Editors/2020.2.6f1/Editor/Data/PlaybackEngines/WindowsStandaloneSupport/UnityEditor.WindowsStandalone.Extensions.dll
Registered in 0.499230 seconds.
Native extension for WindowsStandalone target not found
Refreshing native plugins compatible for Editor in 68.46 ms, found 0 plugins.
Preloading 0 native plugins for Editor in 0.00 ms.
Invoked RoslynAnalysisRunner static constructor.
RoslynAnalysisRunner will not be running.
RoslynAnalysisRunner has terminated.
Mono: successfully reloaded assembly
- Completed reload, in  6.413 seconds
Platform modules already initialized, skipping
Registering precompiled user dll's ...
Registered in 0.034930 seconds.
Begin MonoManager ReloadAssembly
Native extension for WindowsStandalone target not found
Refreshing native plugins compatible for Editor in 0.47 ms, found 0 plugins.
Preloading 0 native plugins for Editor in 0.00 ms.
Invoked RoslynAnalysisRunner static constructor.
RoslynAnalysisRunner will not be running.
RoslynAnalysisRunner has terminated.
Mono: successfully reloaded assembly
- Completed reload, in  3.512 seconds
Platform modules already initialized, skipping
========================================================================
Worker process is ready to serve import requests
Launched and connected shader compiler UnityShaderCompiler.exe after 1.06 seconds
Refreshing native plugins compatible for Editor in 0.55 ms, found 0 plugins.
Preloading 0 native plugins for Editor in 0.00 ms.
Unloading 1113 Unused Serialized files (Serialized files now loaded: 0)
System memory in use before: 128.2 MB.
System memory in use after: 128.3 MB.

Unloading 10 unused Assets to reduce memory usage. Loaded Objects now: 1559.
Total: 5.156000 ms (FindLiveObjects: 0.648200 ms CreateObjectMapping: 0.159900 ms MarkObjects: 4.105200 ms  DeleteObjects: 0.231100 ms)

========================================================================
Received Import Request.
  path: Assets/Graphics/gear.png
  artifactKey: Guid(38d1b6cd3e540456283ee3ead95573ee) Importer(815301076,1909f56bfc062723c751e8b465ee728b)
Start importing Assets/Graphics/gear.png using Guid(38d1b6cd3e540456283ee3ead95573ee) Importer(815301076,1909f56bfc062723c751e8b465ee728b)  -> (artifact id: 'bb6f0d5ffdab2c8e65f2ba2ec6177570') in 1.371840 seconds
  Import took 1.393085 seconds .

========================================================================
Received Import Request.
  Time since last request: 0.000454 seconds.
  path: Assets/Graphics/close.png
  artifactKey: Guid(3288ef02f5ccb4fad9c5a030eba7a373) Importer(815301076,1909f56bfc062723c751e8b465ee728b)
Start importing Assets/Graphics/close.png using Guid(3288ef02f5ccb4fad9c5a030eba7a373) Importer(815301076,1909f56bfc062723c751e8b465ee728b)  -> (artifact id: 'fd71dd202d0215288fa703e83925887f') in 0.102113 seconds
  Import took 0.117940 seconds .

========================================================================
Received Import Request.
  Time since last request: 0.000406 seconds.
  path: Assets/Graphics/popup.png
  artifactKey: Guid(056200701c03347589a795ead12f8b53) Importer(815301076,1909f56bfc062723c751e8b465ee728b)
Start importing Assets/Graphics/popup.png using Guid(056200701c03347589a795ead12f8b53) Importer(815301076,1909f56bfc062723c751e8b465ee728b)  -> (artifact id: '6c6ae7aacb2dda86fa8e89230e897a1f') in 0.122524 seconds
  Import took 0.131110 seconds .

========================================================================
Received Import Request.
  Time since last request: 0.000407 seconds.
  path: Assets/Graphics/Flame.mat
  artifactKey: Guid(156af76b26952427283fc84ea5f170ef) Importer(815301076,1909f56bfc062723c751e8b465ee728b)
Start importing Assets/Graphics/Flame.mat using Guid(156af76b26952427283fc84ea5f170ef) Importer(815301076,1909f56bfc062723c751e8b465ee728b)  -> (artifact id: '5fc29905c09ca6d4c7083208c3c64d68') in 0.976886 seconds
  Import took 1.002860 seconds .

========================================================================
Received Import Request.
  Time since last request: 0.000436 seconds.
  path: Assets/Graphics
  artifactKey: Guid(95fd325c3a254cc4ea372d293e018d67) Importer(815301076,1909f56bfc062723c751e8b465ee728b)
Start importing Assets/Graphics using Guid(95fd325c3a254cc4ea372d293e018d67) Importer(815301076,1909f56bfc062723c751e8b465ee728b)  -> (artifact id: 'b7d45d1f9c0c00951f60b5333c88a555') in 0.083677 seconds
  Import took 0.090131 seconds .

========================================================================
Received Import Request.
  Time since last request: 0.002441 seconds.
  path: Assets/Graphics/enemy.png
  artifactKey: Guid(9328e2d1941224aa3a986fa430381540) Importer(815301076,1909f56bfc062723c751e8b465ee728b)
Start importing Assets/Graphics/enemy.png using Guid(9328e2d1941224aa3a986fa430381540) Importer(815301076,1909f56bfc062723c751e8b465ee728b)  -> (artifact id: '2a89ab3562da2f13250cffbb6fc4c32f') in 0.092506 seconds
  Import took 0.112266 seconds .

========================================================================
Received Prepare
Registering precompiled user dll's ...
Registered in 0.001411 seconds.
Begin MonoManager ReloadAssembly
Native extension for WindowsStandalone target not found
Refreshing native plugins compatible for Editor in 0.48 ms, found 0 plugins.
Preloading 0 native plugins for Editor in 0.00 ms.
Invoked RoslynAnalysisRunner static constructor.
RoslynAnalysisRunner will not be running.
RoslynAnalysisRunner has terminated.
Mono: successfully reloaded assembly
- Completed reload, in  2.585 seconds
Platform modules already initialized, skipping
Refreshing native plugins compatible for Editor in 0.52 ms, found 0 plugins.
Preloading 0 native plugins for Editor in 0.00 ms.
Unloading 1108 Unused Serialized files (Serialized files now loaded: 0)
System memory in use before: 131.5 MB.
System memory in use after: 131.6 MB.

Unloading 5 unused Assets to reduce memory usage. Loaded Objects now: 1610.
Total: 5.227700 ms (FindLiveObjects: 0.932200 ms CreateObjectMapping: 0.151400 ms MarkObjects: 3.905500 ms  DeleteObjects: 0.228600 ms)

========================================================================
Received Prepare
Registering precompiled user dll's ...
Registered in 0.001718 seconds.
Begin MonoManager ReloadAssembly
Native extension for WindowsStandalone target not found
Refreshing native plugins compatible for Editor in 0.48 ms, found 0 plugins.
Preloading 0 native plugins for Editor in 0.00 ms.
Invoked RoslynAnalysisRunner static constructor.
RoslynAnalysisRunner will not be running.
RoslynAnalysisRunner has terminated.
Mono: successfully reloaded assembly
- Completed reload, in  2.964 seconds
Platform modules already initialized, skipping
Refreshing native plugins compatible for Editor in 0.54 ms, found 0 plugins.
Preloading 0 native plugins for Editor in 0.00 ms.
Unloading 1108 Unused Serialized files (Serialized files now loaded: 0)
System memory in use before: 131.5 MB.
System memory in use after: 131.6 MB.

Unloading 5 unused Assets to reduce memory usage. Loaded Objects now: 1612.
Total: 5.719300 ms (FindLiveObjects: 0.377600 ms CreateObjectMapping: 0.095000 ms MarkObjects: 5.115500 ms  DeleteObjects: 0.121800 ms)

========================================================================
Received Prepare
Registering precompiled user dll's ...
Registered in 0.001598 seconds.
Begin MonoManager ReloadAssembly
Native extension for WindowsStandalone target not found
Refreshing native plugins compatible for Editor in 1.82 ms, found 0 plugins.
Preloading 0 native plugins for Editor in 0.00 ms.
Invoked RoslynAnalysisRunner static constructor.
RoslynAnalysisRunner will not be running.
RoslynAnalysisRunner has terminated.
Mono: successfully reloaded assembly
- Completed reload, in  3.271 seconds
Platform modules already initialized, skipping
Refreshing native plugins compatible for Editor in 0.54 ms, found 0 plugins.
Preloading 0 native plugins for Editor in 0.00 ms.
Unloading 1108 Unused Serialized files (Serialized files now loaded: 0)
System memory in use before: 131.5 MB.
System memory in use after: 131.6 MB.

Unloading 5 unused Assets to reduce memory usage. Loaded Objects now: 1614.
Total: 8.520200 ms (FindLiveObjects: 0.523900 ms CreateObjectMapping: 0.114500 ms MarkObjects: 7.749900 ms  DeleteObjects: 0.122400 ms)

========================================================================
Received Prepare
Registering precompiled user dll's ...
Registered in 0.001585 seconds.
Begin MonoManager ReloadAssembly
Native extension for WindowsStandalone target not found
Refreshing native plugins compatible for Editor in 0.78 ms, found 0 plugins.
Preloading 0 native plugins for Editor in 0.00 ms.
Invoked RoslynAnalysisRunner static constructor.
RoslynAnalysisRunner will not be running.
RoslynAnalysisRunner has terminated.
Mono: successfully reloaded assembly
- Completed reload, in  3.095 seconds
Platform modules already initialized, skipping
Refreshing native plugins compatible for Editor in 0.60 ms, found 0 plugins.
Preloading 0 native plugins for Editor in 0.00 ms.
Unloading 1108 Unused Serialized files (Serialized files now loaded: 0)
System memory in use before: 131.5 MB.
System memory in use after: 131.6 MB.

Unloading 5 unused Assets to reduce memory usage. Loaded Objects now: 1616.
Total: 5.463000 ms (FindLiveObjects: 0.408200 ms CreateObjectMapping: 0.094600 ms MarkObjects: 4.822600 ms  DeleteObjects: 0.127800 ms)

========================================================================
Received Prepare
Registering precompiled user dll's ...
Registered in 0.001487 seconds.
Begin MonoManager ReloadAssembly
Native extension for WindowsStandalone target not found
Refreshing native plugins compatible for Editor in 0.51 ms, found 0 plugins.
Preloading 0 native plugins for Editor in 0.00 ms.
Invoked RoslynAnalysisRunner static constructor.
RoslynAnalysisRunner will not be running.
RoslynAnalysisRunner has terminated.
Mono: successfully reloaded assembly
- Completed reload, in  3.309 seconds
Platform modules already initialized, skipping
Refreshing native plugins compatible for Editor in 0.90 ms, found 0 plugins.
Preloading 0 native plugins for Editor in 0.00 ms.
Unloading 1108 Unused Serialized files (Serialized files now loaded: 0)
System memory in use before: 131.6 MB.
System memory in use after: 131.6 MB.

Unloading 5 unused Assets to reduce memory usage. Loaded Objects now: 1618.
Total: 6.602900 ms (FindLiveObjects: 0.382200 ms CreateObjectMapping: 0.096200 ms MarkObjects: 5.983800 ms  DeleteObjects: 0.131000 ms)

========================================================================
Received Import Request.
  Time since last request: 1643.643909 seconds.
  path: Assets/Scripts/UIController.cs
  artifactKey: Guid(f1b495e1c32b8d34fafa69533f99711d) Importer(815301076,1909f56bfc062723c751e8b465ee728b)
Start importing Assets/Scripts/UIController.cs using Guid(f1b495e1c32b8d34fafa69533f99711d) Importer(815301076,1909f56bfc062723c751e8b465ee728b)  -> (artifact id: '34faf478d85452bb3a3ad20cc5d1a1e2') in 0.749724 seconds
  Import took 0.866858 seconds .

========================================================================
Received Prepare
Registering precompiled user dll's ...
Registered in 0.001558 seconds.
Begin MonoManager ReloadAssembly
Native extension for WindowsStandalone target not found
Refreshing native plugins compatible for Editor in 0.47 ms, found 0 plugins.
Preloading 0 native plugins for Editor in 0.00 ms.
Invoked RoslynAnalysisRunner static constructor.
RoslynAnalysisRunner will not be running.
RoslynAnalysisRunner has terminated.
Mono: successfully reloaded assembly
- Completed reload, in  4.379 seconds
Platform modules already initialized, skipping
Refreshing native plugins compatible for Editor in 0.53 ms, found 0 plugins.
Preloading 0 native plugins for Editor in 0.00 ms.
Unloading 1109 Unused Serialized files (Serialized files now loaded: 0)
System memory in use before: 131.6 MB.
System memory in use after: 131.7 MB.

Unloading 5 unused Assets to reduce memory usage. Loaded Objects now: 1621.
Total: 4.469500 ms (FindLiveObjects: 0.374400 ms CreateObjectMapping: 0.100400 ms MarkObjects: 3.841500 ms  DeleteObjects: 0.143100 ms)

========================================================================
Received Prepare
Registering precompiled user dll's ...
Registered in 0.010745 seconds.
Begin MonoManager ReloadAssembly
Native extension for WindowsStandalone target not found
Refreshing native plugins compatible for Editor in 0.51 ms, found 0 plugins.
Preloading 0 native plugins for Editor in 0.00 ms.
Invoked RoslynAnalysisRunner static constructor.
RoslynAnalysisRunner will not be running.
RoslynAnalysisRunner has terminated.
Mono: successfully reloaded assembly
- Completed reload, in  2.714 seconds
Platform modules already initialized, skipping
Refreshing native plugins compatible for Editor in 0.51 ms, found 0 plugins.
Preloading 0 native plugins for Editor in 0.00 ms.
Unloading 1109 Unused Serialized files (Serialized files now loaded: 0)
System memory in use before: 131.6 MB.
System memory in use after: 131.7 MB.

Unloading 5 unused Assets to reduce memory usage. Loaded Objects now: 1623.
Total: 5.643500 ms (FindLiveObjects: 0.435700 ms CreateObjectMapping: 0.117600 ms MarkObjects: 4.448500 ms  DeleteObjects: 0.632500 ms)

========================================================================
Received Import Request.
  Time since last request: 213.263877 seconds.
  path: Assets/Scripts/UIController.cs
  artifactKey: Guid(f1b495e1c32b8d34fafa69533f99711d) Importer(815301076,1909f56bfc062723c751e8b465ee728b)
Start importing Assets/Scripts/UIController.cs using Guid(f1b495e1c32b8d34fafa69533f99711d) Importer(815301076,1909f56bfc062723c751e8b465ee728b)  -> (artifact id: '6eb317d0cd09bbd6823a6b59e5e1e73f') in 0.022450 seconds
  Import took 0.287352 seconds .

========================================================================
Received Prepare
Registering precompiled user dll's ...
Registered in 0.267246 seconds.
Begin MonoManager ReloadAssembly
Native extension for WindowsStandalone target not found
Refreshing native plugins compatible for Editor in 1.74 ms, found 0 plugins.
Preloading 0 native plugins for Editor in 0.00 ms.
Invoked RoslynAnalysisRunner static constructor.
RoslynAnalysisRunner will not be running.
RoslynAnalysisRunner has terminated.
Mono: successfully reloaded assembly
- Completed reload, in  5.756 seconds
Platform modules already initialized, skipping
Refreshing native plugins compatible for Editor in 0.54 ms, found 0 plugins.
Preloading 0 native plugins for Editor in 0.00 ms.
Unloading 1109 Unused Serialized files (Serialized files now loaded: 0)
System memory in use before: 131.6 MB.
System memory in use after: 131.7 MB.

Unloading 5 unused Assets to reduce memory usage. Loaded Objects now: 1625.
Total: 5.804600 ms (FindLiveObjects: 0.434700 ms CreateObjectMapping: 0.105100 ms MarkObjects: 5.010500 ms  DeleteObjects: 0.235400 ms)

========================================================================
Received Prepare
Registering precompiled user dll's ...
Registered in 0.001648 seconds.
Begin MonoManager ReloadAssembly
Native extension for WindowsStandalone target not found
Refreshing native plugins compatible for Editor in 0.61 ms, found 0 plugins.
Preloading 0 native plugins for Editor in 0.00 ms.
Invoked RoslynAnalysisRunner static constructor.
RoslynAnalysisRunner will not be running.
RoslynAnalysisRunner has terminated.
Mono: successfully reloaded assembly
- Completed reload, in  5.509 seconds
Platform modules already initialized, skipping
Refreshing native plugins compatible for Editor in 0.78 ms, found 0 plugins.
Preloading 0 native plugins for Editor in 0.00 ms.
Unloading 1143 Unused Serialized files (Serialized files now loaded: 0)
System memory in use before: 132.7 MB.
System memory in use after: 132.7 MB.

Unloading 5 unused Assets to reduce memory usage. Loaded Objects now: 1661.
Total: 6.672600 ms (FindLiveObjects: 0.462200 ms CreateObjectMapping: 0.133500 ms MarkObjects: 5.843700 ms  DeleteObjects: 0.223200 ms)

========================================================================
Received Import Request.
  Time since last request: 19572.390782 seconds.
  path: Assets/Scripts/SettingsPopup.cs
  artifactKey: Guid(d3b8e98a58c78594eb7f5b3d353d5872) Importer(815301076,1909f56bfc062723c751e8b465ee728b)
Start importing Assets/Scripts/SettingsPopup.cs using Guid(d3b8e98a58c78594eb7f5b3d353d5872) Importer(815301076,1909f56bfc062723c751e8b465ee728b)  -> (artifact id: 'f2b549efa4bd0bfe4584c368a6610f0e') in 0.491407 seconds
  Import took 0.590105 seconds .

========================================================================
Received Prepare
Registering precompiled user dll's ...
Registered in 0.001632 seconds.
Begin MonoManager ReloadAssembly
Native extension for WindowsStandalone target not found
Refreshing native plugins compatible for Editor in 0.61 ms, found 0 plugins.
Preloading 0 native plugins for Editor in 0.00 ms.
Invoked RoslynAnalysisRunner static constructor.
RoslynAnalysisRunner will not be running.
RoslynAnalysisRunner has terminated.
Mono: successfully reloaded assembly
- Completed reload, in  2.983 seconds
Platform modules already initialized, skipping
Refreshing native plugins compatible for Editor in 0.57 ms, found 0 plugins.
Preloading 0 native plugins for Editor in 0.00 ms.
Unloading 1144 Unused Serialized files (Serialized files now loaded: 0)
System memory in use before: 132.7 MB.
System memory in use after: 132.8 MB.

Unloading 5 unused Assets to reduce memory usage. Loaded Objects now: 1664.
Total: 5.482300 ms (FindLiveObjects: 0.452100 ms CreateObjectMapping: 0.121300 ms MarkObjects: 4.345400 ms  DeleteObjects: 0.553100 ms)

========================================================================
Received Prepare
Registering precompiled user dll's ...
Registered in 0.001622 seconds.
Begin MonoManager ReloadAssembly
Native extension for WindowsStandalone target not found
Refreshing native plugins compatible for Editor in 0.49 ms, found 0 plugins.
Preloading 0 native plugins for Editor in 0.00 ms.
Invoked RoslynAnalysisRunner static constructor.
RoslynAnalysisRunner will not be running.
RoslynAnalysisRunner has terminated.
Mono: successfully reloaded assembly
- Completed reload, in  3.795 seconds
Platform modules already initialized, skipping
Refreshing native plugins compatible for Editor in 0.57 ms, found 0 plugins.
Preloading 0 native plugins for Editor in 0.00 ms.
Unloading 1144 Unused Serialized files (Serialized files now loaded: 0)
System memory in use before: 132.7 MB.
System memory in use after: 132.8 MB.

Unloading 5 unused Assets to reduce memory usage. Loaded Objects now: 1666.
Total: 6.368500 ms (FindLiveObjects: 0.484700 ms CreateObjectMapping: 0.128900 ms MarkObjects: 5.569700 ms  DeleteObjects: 0.175700 ms)

========================================================================
Received Import Request.
  Time since last request: 191.185094 seconds.
  path: Assets/Scripts/SettingsPopup.cs
  artifactKey: Guid(d3b8e98a58c78594eb7f5b3d353d5872) Importer(815301076,1909f56bfc062723c751e8b465ee728b)
Start importing Assets/Scripts/SettingsPopup.cs using Guid(d3b8e98a58c78594eb7f5b3d353d5872) Importer(815301076,1909f56bfc062723c751e8b465ee728b)  -> (artifact id: '5239156529309eab71b820dc16abedac') in 0.036230 seconds
  Import took 0.053946 seconds .

========================================================================
Received Prepare
Registering precompiled user dll's ...
Registered in 0.001830 seconds.
Begin MonoManager ReloadAssembly
Native extension for WindowsStandalone target not found
Refreshing native plugins compatible for Editor in 0.49 ms, found 0 plugins.
Preloading 0 native plugins for Editor in 0.00 ms.
Invoked RoslynAnalysisRunner static constructor.
RoslynAnalysisRunner will not be running.
RoslynAnalysisRunner has terminated.
Mono: successfully reloaded assembly
- Completed reload, in  3.157 seconds
Platform modules already initialized, skipping
Refreshing native plugins compatible for Editor in 0.54 ms, found 0 plugins.
Preloading 0 native plugins for Editor in 0.00 ms.
Unloading 1144 Unused Serialized files (Serialized files now loaded: 0)
System memory in use before: 132.7 MB.
System memory in use after: 132.8 MB.

Unloading 5 unused Assets to reduce memory usage. Loaded Objects now: 1668.
Total: 5.488100 ms (FindLiveObjects: 0.424200 ms CreateObjectMapping: 0.112300 ms MarkObjects: 4.759600 ms  DeleteObjects: 0.181500 ms)

========================================================================
Received Prepare
Registering precompiled user dll's ...
Registered in 0.001723 seconds.
Begin MonoManager ReloadAssembly
Native extension for WindowsStandalone target not found
Refreshing native plugins compatible for Editor in 0.53 ms, found 0 plugins.
Preloading 0 native plugins for Editor in 0.00 ms.
Invoked RoslynAnalysisRunner static constructor.
RoslynAnalysisRunner will not be running.
RoslynAnalysisRunner has terminated.
Mono: successfully reloaded assembly
- Completed reload, in  4.077 seconds
Platform modules already initialized, skipping
Refreshing native plugins compatible for Editor in 1.63 ms, found 0 plugins.
Preloading 0 native plugins for Editor in 0.00 ms.
Unloading 1144 Unused Serialized files (Serialized files now loaded: 0)
System memory in use before: 132.7 MB.
System memory in use after: 132.8 MB.

Unloading 5 unused Assets to reduce memory usage. Loaded Objects now: 1670.
Total: 6.287600 ms (FindLiveObjects: 0.429500 ms CreateObjectMapping: 0.136700 ms MarkObjects: 5.560700 ms  DeleteObjects: 0.150500 ms)

========================================================================
Received Prepare
Registering precompiled user dll's ...
Registered in 0.001961 seconds.
Begin MonoManager ReloadAssembly
Native extension for WindowsStandalone target not found
Refreshing native plugins compatible for Editor in 0.64 ms, found 0 plugins.
Preloading 0 native plugins for Editor in 0.00 ms.
Invoked RoslynAnalysisRunner static constructor.
RoslynAnalysisRunner will not be running.
RoslynAnalysisRunner has terminated.
Mono: successfully reloaded assembly
- Completed reload, in  4.631 seconds
Platform modules already initialized, skipping
Refreshing native plugins compatible for Editor in 0.63 ms, found 0 plugins.
Preloading 0 native plugins for Editor in 0.00 ms.
Unloading 1144 Unused Serialized files (Serialized files now loaded: 0)
System memory in use before: 132.7 MB.
System memory in use after: 132.8 MB.

Unloading 5 unused Assets to reduce memory usage. Loaded Objects now: 1672.
Total: 4.831300 ms (FindLiveObjects: 0.454300 ms CreateObjectMapping: 0.117600 ms MarkObjects: 4.098000 ms  DeleteObjects: 0.150500 ms)

========================================================================
Received Import Request.
  Time since last request: 1456.015001 seconds.
  path: Assets/Scripts/UIController.cs
  artifactKey: Guid(f1b495e1c32b8d34fafa69533f99711d) Importer(815301076,1909f56bfc062723c751e8b465ee728b)
Start importing Assets/Scripts/UIController.cs using Guid(f1b495e1c32b8d34fafa69533f99711d) Importer(815301076,1909f56bfc062723c751e8b465ee728b)  -> (artifact id: '97db9ec4eac2d95f78ebac9f49af3b6d') in 0.592853 seconds
  Import took 0.675342 seconds .

========================================================================
Received Import Request.
  Time since last request: 0.315528 seconds.
  path: Assets/Scripts/UIController.cs
  artifactKey: Guid(f1b495e1c32b8d34fafa69533f99711d) Importer(815301076,1909f56bfc062723c751e8b465ee728b)
Start importing Assets/Scripts/UIController.cs using Guid(f1b495e1c32b8d34fafa69533f99711d) Importer(815301076,1909f56bfc062723c751e8b465ee728b)  -> (artifact id: '97db9ec4eac2d95f78ebac9f49af3b6d') in 0.017087 seconds
  Import took 0.124170 seconds .

========================================================================
Received Import Request.
  Time since last request: 1.297636 seconds.
  path: Assets/Scripts/SettingsPopup.cs
  artifactKey: Guid(d3b8e98a58c78594eb7f5b3d353d5872) Importer(815301076,1909f56bfc062723c751e8b465ee728b)
Start importing Assets/Scripts/SettingsPopup.cs using Guid(d3b8e98a58c78594eb7f5b3d353d5872) Importer(815301076,1909f56bfc062723c751e8b465ee728b)  -> (artifact id: '2062c5da2f03bf6f0e1682e24232070e') in 0.007716 seconds
  Import took 0.013146 seconds .

========================================================================
Received Import Request.
  Time since last request: 0.078325 seconds.
  path: Assets/Scripts/SettingsPopup.cs
  artifactKey: Guid(d3b8e98a58c78594eb7f5b3d353d5872) Importer(815301076,1909f56bfc062723c751e8b465ee728b)
Start importing Assets/Scripts/SettingsPopup.cs using Guid(d3b8e98a58c78594eb7f5b3d353d5872) Importer(815301076,1909f56bfc062723c751e8b465ee728b)  -> (artifact id: '2062c5da2f03bf6f0e1682e24232070e') in 0.032184 seconds
  Import took 0.038765 seconds .

